<?xml version="1.0" encoding="UTF-8"?>
<!-- Generated by org.testng.reporters.JUnitXMLReporter -->
<testsuite ignored="0" hostname="Paramount-151" failures="1" tests="2" name="Test" time="61853.246" errors="0" timestamp="28 Feb 2024 05:40:50 GMT">
  <testcase classname="com.demo.baseutil.Basetest" name="@BeforeTest launchBrowser" time="61853.108">
    <failure type="java.lang.NullPointerException" message="Cannot invoke &amp;quot;com.aventstack.extentreports.ExtentTest.fail(com.aventstack.extentreports.markuputils.Markup)&amp;quot; because the return value of &amp;quot;com.demo.extentreport.Extentreportmanager.getTestReport()&amp;quot; is null">
      <![CDATA[java.lang.NullPointerException: Cannot invoke "com.aventstack.extentreports.ExtentTest.fail(com.aventstack.extentreports.markuputils.Markup)" because the return value of "com.demo.extentreport.Extentreportmanager.getTestReport()" is null
at com.demo.util.WebActionUtil.fail(WebActionUtil.java:186)
at com.demo.baseutil.Basetest.launchBrowser(Basetest.java:112)
... Removed 22 stack frames]]>
    </failure>
  </testcase> <!-- @BeforeTest launchBrowser -->
  <testcase classname="com.demo.baseutil.Basetest" name="@BeforeMethod test" time="0.0">
    <skipped/>
  </testcase> <!-- @BeforeMethod test -->
  <testcase classname="com.demo.testscripts.TracetestScript" name="verifysignin" time="0.0">
    <skipped/>
  </testcase> <!-- verifysignin -->
  <testcase classname="com.demo.testscripts.TracetestScript" name="verifysignin" time="0.016">
    <failure type="java.lang.NullPointerException" message="Cannot invoke &amp;quot;org.openqa.selenium.TakesScreenshot.getScreenshotAs(org.openqa.selenium.OutputType)&amp;quot; because &amp;quot;com.demo.util.WebActionUtil.screenshot&amp;quot; is null">
      <![CDATA[java.lang.NullPointerException: Cannot invoke "org.openqa.selenium.TakesScreenshot.getScreenshotAs(org.openqa.selenium.OutputType)" because "com.demo.util.WebActionUtil.screenshot" is null
at com.demo.util.WebActionUtil.getScreenShot(WebActionUtil.java:348)
at com.demo.listeners.TestListener.onTestSkipped(TestListener.java:145)
... Removed 23 stack frames]]>
    </failure>
  </testcase> <!-- verifysignin -->
</testsuite> <!-- Test -->
